2024-03-15 08:01:02 INFO  Starting application v1.3.2
2024-03-15 08:01:03 INFO  Loading configuration from /etc/app/config.yaml
2024-03-15 08:01:03 INFO  Connected to database at db:5432
2024-03-15 08:01:04 INFO  Cache initialized (redis:6379)
2024-03-15 08:01:05 INFO  HTTP server listening on 0.0.0.0:8080
2024-03-15 08:02:11 INFO  GET /api/users 200 (43ms)
2024-03-15 08:02:15 INFO  GET /api/products 200 (21ms)
2024-03-15 08:02:44 INFO  POST /api/orders 201 (87ms)
2024-03-15 08:03:01 WARN  Response time high: GET /api/reports took 1243ms
2024-03-15 08:03:22 INFO  GET /api/users 200 (38ms)
2024-03-15 08:03:45 INFO  POST /api/auth/login 200 (55ms)
2024-03-15 08:04:10 ERROR Connection timeout to db:5432 (attempt 1/3)
2024-03-15 08:04:11 ERROR Connection timeout to db:5432 (attempt 2/3)
2024-03-15 08:04:13 ERROR Connection timeout to db:5432 (attempt 3/3)
2024-03-15 08:04:13 ERROR Failed to fetch /api/users — database unavailable
2024-03-15 08:04:14 WARN  Falling back to cache for /api/users
2024-03-15 08:04:20 INFO  Database connection restored
2024-03-15 08:05:01 INFO  GET /api/users 200 (40ms)
2024-03-15 08:05:33 INFO  GET /health 200 (2ms)
2024-03-15 08:06:17 WARN  Memory usage at 78% (threshold: 75%)
2024-03-15 08:07:02 INFO  GET /api/products 200 (19ms)
2024-03-15 08:07:45 ERROR Permission denied: /var/log/app/audit.log
2024-03-15 08:08:01 INFO  POST /api/orders 201 (91ms)
2024-03-15 08:08:30 INFO  GET /api/users 200 (44ms)
2024-03-15 08:09:15 WARN  Response time high: GET /api/reports took 1891ms
2024-03-15 08:09:44 INFO  GET /api/products 200 (22ms)
2024-03-15 08:10:00 INFO  Scheduled job: cleanup_expired_sessions started
2024-03-15 08:10:01 INFO  Removed 143 expired sessions
2024-03-15 08:10:01 INFO  Scheduled job: cleanup_expired_sessions finished (1.2s)
2024-03-15 08:11:03 ERROR Connection timeout to db:5432 (attempt 1/3)
2024-03-15 08:11:05 ERROR Connection timeout to db:5432 (attempt 2/3)
2024-03-15 08:11:06 ERROR Connection timeout to db:5432 (attempt 3/3)
2024-03-15 08:11:07 ERROR Failed to fetch /api/orders — database unavailable
2024-03-15 08:11:07 ERROR Failed to fetch /api/users — database unavailable
2024-03-15 08:11:08 WARN  Falling back to cache for /api/orders
2024-03-15 08:11:08 WARN  Falling back to cache for /api/users
2024-03-15 08:11:20 INFO  Database connection restored
2024-03-15 08:12:05 INFO  GET /api/users 200 (41ms)
2024-03-15 08:12:45 WARN  Memory usage at 81% (threshold: 75%)
2024-03-15 08:13:10 ERROR Permission denied: /var/log/app/audit.log
2024-03-15 08:13:55 INFO  GET /api/products 200 (25ms)
2024-03-15 08:14:22 INFO  POST /api/auth/login 200 (61ms)
2024-03-15 08:14:50 WARN  Response time high: GET /api/reports took 2103ms
2024-03-15 08:15:01 INFO  GET /health 200 (2ms)
2024-03-15 08:15:33 INFO  GET /api/users 200 (39ms)
2024-03-15 08:16:04 ERROR Failed to send email: SMTP connection refused (smtp:587)
2024-03-15 08:16:05 WARN  Email notification skipped for order #4821
2024-03-15 08:17:11 INFO  POST /api/orders 201 (88ms)
2024-03-15 08:17:45 INFO  GET /api/users 200 (42ms)
2024-03-15 08:18:02 ERROR Connection timeout to db:5432 (attempt 1/3)
2024-03-15 08:18:04 ERROR Connection timeout to db:5432 (attempt 2/3)
2024-03-15 08:18:05 ERROR Connection timeout to db:5432 (attempt 3/3)
2024-03-15 08:18:06 ERROR Failed to fetch /api/products — database unavailable
2024-03-15 08:18:07 WARN  Falling back to cache for /api/products
2024-03-15 08:18:19 INFO  Database connection restored
2024-03-15 08:19:00 INFO  GET /api/products 200 (20ms)
2024-03-15 08:19:30 WARN  Memory usage at 83% (threshold: 75%)
2024-03-15 08:20:00 INFO  Scheduled job: metrics_snapshot started
2024-03-15 08:20:01 INFO  Scheduled job: metrics_snapshot finished (0.8s)
2024-03-15 08:20:15 ERROR Permission denied: /var/log/app/audit.log
2024-03-15 08:21:03 INFO  GET /api/users 200 (37ms)
2024-03-15 08:21:44 INFO  POST /api/auth/login 200 (58ms)
2024-03-15 08:22:10 WARN  Response time high: GET /api/reports took 1654ms
2024-03-15 08:22:55 ERROR Failed to send email: SMTP connection refused (smtp:587)
2024-03-15 08:23:00 INFO  GET /api/products 200 (18ms)
2024-03-15 08:23:41 INFO  GET /api/users 200 (45ms)
2024-03-15 08:24:05 WARN  Disk usage at 91% on /var/data (threshold: 85%)
2024-03-15 08:24:33 INFO  POST /api/orders 201 (93ms)
2024-03-15 08:25:01 INFO  GET /health 200 (2ms)
2024-03-15 08:25:44 ERROR Connection timeout to db:5432 (attempt 1/3)
2024-03-15 08:25:46 ERROR Connection timeout to db:5432 (attempt 2/3)
2024-03-15 08:25:47 ERROR Connection timeout to db:5432 (attempt 3/3)
2024-03-15 08:25:48 ERROR Failed to fetch /api/users — database unavailable
2024-03-15 08:25:48 ERROR Failed to fetch /api/orders — database unavailable
2024-03-15 08:25:49 WARN  Falling back to cache for /api/users
2024-03-15 08:25:49 WARN  Falling back to cache for /api/orders
2024-03-15 08:26:05 INFO  Database connection restored
2024-03-15 08:26:30 WARN  Memory usage at 87% (threshold: 75%)
2024-03-15 08:27:01 INFO  GET /api/users 200 (40ms)
2024-03-15 08:27:22 ERROR Permission denied: /var/log/app/audit.log
2024-03-15 08:28:10 INFO  GET /api/products 200 (23ms)
2024-03-15 08:28:55 WARN  Response time high: GET /api/reports took 1998ms
2024-03-15 08:29:30 INFO  POST /api/auth/login 200 (52ms)
2024-03-15 08:30:00 INFO  Scheduled job: cleanup_expired_sessions started
2024-03-15 08:30:01 INFO  Removed 97 expired sessions
2024-03-15 08:30:01 INFO  Scheduled job: cleanup_expired_sessions finished (0.9s)
2024-03-15 08:30:44 ERROR Failed to send email: SMTP connection refused (smtp:587)
2024-03-15 08:31:02 INFO  GET /api/users 200 (38ms)
2024-03-15 08:31:50 WARN  Disk usage at 92% on /var/data (threshold: 85%)
2024-03-15 08:32:15 INFO  POST /api/orders 201 (85ms)
2024-03-15 08:32:44 INFO  GET /api/products 200 (21ms)
2024-03-15 08:33:10 ERROR Connection timeout to db:5432 (attempt 1/3)
2024-03-15 08:33:12 ERROR Connection timeout to db:5432 (attempt 2/3)
2024-03-15 08:33:13 ERROR Connection timeout to db:5432 (attempt 3/3)
2024-03-15 08:33:14 ERROR Failed to fetch /api/users — database unavailable
2024-03-15 08:33:15 WARN  Falling back to cache for /api/users
2024-03-15 08:33:28 INFO  Database connection restored
2024-03-15 08:34:05 INFO  GET /api/users 200 (43ms)
2024-03-15 08:35:01 INFO  GET /health 200 (2ms)
2024-03-15 08:35:22 WARN  Memory usage at 89% (threshold: 75%)
2024-03-15 08:36:10 ERROR Permission denied: /var/log/app/audit.log
2024-03-15 08:36:55 INFO  GET /api/products 200 (20ms)
2024-03-15 08:37:30 INFO  POST /api/auth/login 200 (60ms)
2024-03-15 08:38:01 WARN  Response time high: GET /api/reports took 2244ms
2024-03-15 08:38:44 INFO  GET /api/users 200 (41ms)
2024-03-15 08:39:15 ERROR Failed to send email: SMTP connection refused (smtp:587)
2024-03-15 08:39:50 INFO  POST /api/orders 201 (90ms)
2024-03-15 08:40:00 INFO  Scheduled job: metrics_snapshot started
2024-03-15 08:40:01 INFO  Scheduled job: metrics_snapshot finished (0.7s)
2024-03-15 08:40:33 WARN  Disk usage at 93% on /var/data (threshold: 85%)
2024-03-15 08:41:02 INFO  GET /api/users 200 (39ms)
2024-03-15 08:41:40 ERROR Connection timeout to db:5432 (attempt 1/3)
2024-03-15 08:41:42 ERROR Connection timeout to db:5432 (attempt 2/3)
2024-03-15 08:41:43 ERROR Connection timeout to db:5432 (attempt 3/3)
2024-03-15 08:41:44 ERROR Failed to fetch /api/products — database unavailable
2024-03-15 08:41:45 WARN  Falling back to cache for /api/products
2024-03-15 08:41:58 INFO  Database connection restored
2024-03-15 08:42:30 INFO  GET /api/products 200 (22ms)
2024-03-15 08:43:01 WARN  Memory usage at 91% (threshold: 75%)
2024-03-15 08:43:44 ERROR Permission denied: /var/log/app/audit.log
2024-03-15 08:44:10 INFO  GET /api/users 200 (44ms)
2024-03-15 08:44:55 INFO  POST /api/auth/login 200 (57ms)
2024-03-15 08:45:01 INFO  GET /health 200 (2ms)
2024-03-15 08:45:30 WARN  Response time high: GET /api/reports took 1777ms
2024-03-15 08:46:05 ERROR Failed to send email: SMTP connection refused (smtp:587)
2024-03-15 08:46:44 INFO  POST /api/orders 201 (89ms)
2024-03-15 08:47:22 INFO  GET /api/users 200 (40ms)
2024-03-15 08:47:55 WARN  Disk usage at 94% on /var/data (threshold: 85%)
2024-03-15 08:48:10 ERROR Connection timeout to db:5432 (attempt 1/3)
2024-03-15 08:48:12 ERROR Connection timeout to db:5432 (attempt 2/3)
2024-03-15 08:48:13 ERROR Connection timeout to db:5432 (attempt 3/3)
2024-03-15 08:48:14 ERROR Failed to fetch /api/users — database unavailable
2024-03-15 08:48:15 WARN  Falling back to cache for /api/users
2024-03-15 08:48:28 INFO  Database connection restored
2024-03-15 08:49:01 INFO  GET /api/products 200 (19ms)
2024-03-15 08:49:40 INFO  GET /api/users 200 (42ms)
2024-03-15 08:50:00 INFO  Scheduled job: cleanup_expired_sessions started
2024-03-15 08:50:01 INFO  Removed 211 expired sessions
2024-03-15 08:50:02 INFO  Scheduled job: cleanup_expired_sessions finished (1.4s)
2024-03-15 08:50:33 WARN  Memory usage at 93% (threshold: 75%)
2024-03-15 08:51:05 ERROR Permission denied: /var/log/app/audit.log
2024-03-15 08:51:44 INFO  POST /api/auth/login 200 (54ms)
2024-03-15 08:52:10 INFO  GET /api/users 200 (38ms)
2024-03-15 08:52:55 WARN  Response time high: GET /api/reports took 2055ms
2024-03-15 08:53:30 INFO  POST /api/orders 201 (92ms)
2024-03-15 08:54:01 INFO  GET /health 200 (2ms)
2024-03-15 08:54:44 ERROR Failed to send email: SMTP connection refused (smtp:587)
2024-03-15 08:55:10 INFO  GET /api/products 200 (24ms)
2024-03-15 08:55:55 WARN  Disk usage at 94% on /var/data (threshold: 85%)
2024-03-15 08:56:20 INFO  GET /api/users 200 (41ms)
2024-03-15 08:57:05 ERROR Connection timeout to db:5432 (attempt 1/3)
2024-03-15 08:57:07 ERROR Connection timeout to db:5432 (attempt 2/3)
2024-03-15 08:57:08 ERROR Connection timeout to db:5432 (attempt 3/3)
2024-03-15 08:57:09 ERROR Failed to fetch /api/orders — database unavailable
2024-03-15 08:57:10 WARN  Falling back to cache for /api/orders
2024-03-15 08:57:23 INFO  Database connection restored
2024-03-15 08:58:00 INFO  GET /api/products 200 (20ms)
2024-03-15 08:58:44 WARN  Memory usage at 94% (threshold: 75%)
2024-03-15 08:59:10 ERROR Permission denied: /var/log/app/audit.log
2024-03-15 08:59:55 INFO  POST /api/auth/login 200 (59ms)
2024-03-15 09:00:00 INFO  Scheduled job: metrics_snapshot started
2024-03-15 09:00:01 INFO  Scheduled job: metrics_snapshot finished (0.9s)
2024-03-15 09:00:30 INFO  GET /api/users 200 (43ms)