2026/06/13 12:11:53 [emerg] 1#1: no "events" section in configuration
2026/06/13 12:11:53 [emerg] 1#1: no "events" section in configuration
2026/06/13 12:11:54 [emerg] 1#1: no "events" section in configuration
2026/06/13 12:11:54 [emerg] 1#1: no "events" section in configuration
2026/06/13 12:11:55 [emerg] 1#1: no "events" section in configuration
2026/06/13 12:11:57 [emerg] 1#1: no "events" section in configuration
2026/06/13 12:12:01 [emerg] 1#1: no "events" section in configuration
2026/06/13 12:12:07 [emerg] 1#1: no "events" section in configuration
2026/06/13 12:12:20 [emerg] 1#1: no "events" section in configuration
2026/06/13 12:12:46 [emerg] 1#1: no "events" section in configuration
2026/06/13 12:13:37 [emerg] 1#1: "server" directive is not allowed here in /etc/nginx/nginx.conf:1
2026/06/13 12:14:38 [emerg] 1#1: "server" directive is not allowed here in /etc/nginx/nginx.conf:1
2026/06/13 12:15:38 [emerg] 1#1: "server" directive is not allowed here in /etc/nginx/nginx.conf:1
2026/06/13 12:16:38 [emerg] 1#1: "server" directive is not allowed here in /etc/nginx/nginx.conf:1
2026/06/13 12:17:38 [emerg] 1#1: "server" directive is not allowed here in /etc/nginx/nginx.conf:1
2026/06/13 12:18:39 [emerg] 1#1: "server" directive is not allowed here in /etc/nginx/nginx.conf:1
2026/06/13 12:19:42 [emerg] 1#1: "server" directive is not allowed here in /etc/nginx/nginx.conf:1
2026/06/13 12:19:42 [emerg] 1#1: "server" directive is not allowed here in /etc/nginx/nginx.conf:1
2026/06/13 12:19:43 [emerg] 1#1: "server" directive is not allowed here in /etc/nginx/nginx.conf:1
2026/06/13 12:19:44 [emerg] 1#1: "server" directive is not allowed here in /etc/nginx/nginx.conf:1
2026/06/13 12:19:45 [emerg] 1#1: "server" directive is not allowed here in /etc/nginx/nginx.conf:1
2026/06/13 12:19:47 [emerg] 1#1: "server" directive is not allowed here in /etc/nginx/nginx.conf:1
2026/06/13 12:19:50 [emerg] 1#1: "server" directive is not allowed here in /etc/nginx/nginx.conf:1
2026/06/13 12:19:57 [emerg] 1#1: "server" directive is not allowed here in /etc/nginx/nginx.conf:1
2026/06/13 12:20:10 [emerg] 1#1: "server" directive is not allowed here in /etc/nginx/nginx.conf:1
2026/06/13 12:22:30 [emerg] 1#1: "server" directive is not allowed here in /etc/nginx/nginx.conf:1
2026/06/13 12:22:30 [emerg] 1#1: "server" directive is not allowed here in /etc/nginx/nginx.conf:1
2026/06/13 12:22:31 [emerg] 1#1: "server" directive is not allowed here in /etc/nginx/nginx.conf:1
2026/06/13 12:22:32 [emerg] 1#1: "server" directive is not allowed here in /etc/nginx/nginx.conf:1
2026/06/13 12:22:33 [emerg] 1#1: "server" directive is not allowed here in /etc/nginx/nginx.conf:1
2026/06/13 12:22:34 [emerg] 1#1: "server" directive is not allowed here in /etc/nginx/nginx.conf:1
2026/06/13 12:22:38 [emerg] 1#1: "server" directive is not allowed here in /etc/nginx/nginx.conf:1
2026/06/13 12:22:45 [emerg] 1#1: "server" directive is not allowed here in /etc/nginx/nginx.conf:1
2026/06/13 12:22:58 [emerg] 1#1: "server" directive is not allowed here in /etc/nginx/nginx.conf:1
2026/06/13 12:23:23 [emerg] 1#1: "server" directive is not allowed here in /etc/nginx/nginx.conf:1
2026/06/13 12:24:15 [emerg] 1#1: "server" directive is not allowed here in /etc/nginx/nginx.conf:1
2026/06/13 12:25:15 [emerg] 1#1: "server" directive is not allowed here in /etc/nginx/nginx.conf:1
2026/06/13 12:26:15 [emerg] 1#1: "server" directive is not allowed here in /etc/nginx/nginx.conf:1
2026/06/13 12:27:16 [emerg] 1#1: "server" directive is not allowed here in /etc/nginx/nginx.conf:1
2026/06/13 12:28:16 [emerg] 1#1: "server" directive is not allowed here in /etc/nginx/nginx.conf:1
2026/06/13 12:29:16 [emerg] 1#1: "server" directive is not allowed here in /etc/nginx/nginx.conf:1
2026/06/13 12:30:16 [emerg] 1#1: "server" directive is not allowed here in /etc/nginx/nginx.conf:3
2026/06/13 12:32:24 [emerg] 1#1: directive "server_name" is not terminated by ";" in /etc/nginx/conf.d/default.conf:8
2026/06/13 12:32:24 [emerg] 1#1: directive "server_name" is not terminated by ";" in /etc/nginx/conf.d/default.conf:8
2026/06/13 12:32:24 [emerg] 1#1: directive "server_name" is not terminated by ";" in /etc/nginx/conf.d/default.conf:8
2026/06/13 12:32:25 [emerg] 1#1: directive "server_name" is not terminated by ";" in /etc/nginx/conf.d/default.conf:8
2026/06/13 12:32:26 [emerg] 1#1: directive "server_name" is not terminated by ";" in /etc/nginx/conf.d/default.conf:8
2026/06/13 12:32:28 [emerg] 1#1: directive "server_name" is not terminated by ";" in /etc/nginx/conf.d/default.conf:8
2026/06/13 12:32:31 [emerg] 1#1: directive "server_name" is not terminated by ";" in /etc/nginx/conf.d/default.conf:8
2026/06/13 12:32:38 [emerg] 1#1: directive "server_name" is not terminated by ";" in /etc/nginx/conf.d/default.conf:8
2026/06/13 12:32:51 [emerg] 1#1: directive "server_name" is not terminated by ";" in /etc/nginx/conf.d/default.conf:8
2026/06/13 12:33:17 [emerg] 1#1: unexpected end of file, expecting "}" in /etc/nginx/conf.d/default.conf:16
2026/06/13 12:34:08 [emerg] 1#1: unexpected end of file, expecting "}" in /etc/nginx/conf.d/default.conf:16
2026/06/13 12:35:09 [notice] 1#1: using the "epoll" event method
2026/06/13 12:35:09 [notice] 1#1: nginx/1.31.1
2026/06/13 12:35:09 [notice] 1#1: built by gcc 14.2.0 (Debian 14.2.0-19) 
2026/06/13 12:35:09 [notice] 1#1: OS: Linux 7.0.5-arch1-1
2026/06/13 12:35:09 [notice] 1#1: getrlimit(RLIMIT_NOFILE): 1024:524288
2026/06/13 12:35:09 [notice] 1#1: start worker processes
2026/06/13 12:35:09 [notice] 1#1: start worker process 21
2026/06/13 12:35:09 [notice] 1#1: start worker process 22
2026/06/13 12:35:09 [notice] 1#1: start worker process 23
2026/06/13 12:35:09 [notice] 1#1: start worker process 24
2026/06/13 12:35:09 [notice] 1#1: start worker process 25
2026/06/13 12:35:09 [notice] 1#1: start worker process 26
2026/06/13 12:35:09 [notice] 1#1: start worker process 27
2026/06/13 12:35:09 [notice] 1#1: start worker process 28
2026/06/13 12:35:09 [notice] 1#1: start worker process 29
2026/06/13 12:35:09 [notice] 1#1: start worker process 30
2026/06/13 12:35:09 [notice] 1#1: start worker process 31
2026/06/13 12:35:09 [notice] 1#1: start worker process 32
2026/06/13 12:35:09 [notice] 1#1: start worker process 33
2026/06/13 12:35:09 [notice] 1#1: start worker process 34
2026/06/13 12:35:09 [notice] 1#1: start worker process 35
2026/06/13 12:35:09 [notice] 1#1: start worker process 36
2026/06/13 12:35:55 [error] 21#21: *1 connect() failed (111: Connection refused) while connecting to upstream, client: 172.19.0.1, server: localhost, request: "GET /health HTTP/1.1", upstream: "http://172.19.0.2:5000/health", host: "localhost"
2026/06/13 12:38:44 [notice] 1#1: signal 3 (SIGQUIT) received, shutting down
2026/06/13 12:38:44 [notice] 21#21: gracefully shutting down
2026/06/13 12:38:44 [notice] 23#23: gracefully shutting down
2026/06/13 12:38:44 [notice] 25#25: gracefully shutting down
2026/06/13 12:38:44 [notice] 26#26: gracefully shutting down
2026/06/13 12:38:44 [notice] 29#29: gracefully shutting down
2026/06/13 12:38:44 [notice] 21#21: exiting
2026/06/13 12:38:44 [notice] 24#24: gracefully shutting down
2026/06/13 12:38:44 [notice] 27#27: gracefully shutting down
2026/06/13 12:38:44 [notice] 22#22: gracefully shutting down
2026/06/13 12:38:44 [notice] 23#23: exiting
2026/06/13 12:38:44 [notice] 31#31: gracefully shutting down
2026/06/13 12:38:44 [notice] 30#30: gracefully shutting down
2026/06/13 12:38:44 [notice] 25#25: exiting
2026/06/13 12:38:44 [notice] 28#28: gracefully shutting down
2026/06/13 12:38:44 [notice] 32#32: gracefully shutting down
2026/06/13 12:38:44 [notice] 26#26: exiting
2026/06/13 12:38:44 [notice] 33#33: gracefully shutting down
2026/06/13 12:38:44 [notice] 25#25: exit
2026/06/13 12:38:44 [notice] 29#29: exiting
2026/06/13 12:38:44 [notice] 24#24: exiting
2026/06/13 12:38:44 [notice] 27#27: exiting
2026/06/13 12:38:44 [notice] 21#21: exit
2026/06/13 12:38:44 [notice] 22#22: exiting
2026/06/13 12:38:44 [notice] 35#35: gracefully shutting down
2026/06/13 12:38:44 [notice] 31#31: exiting
2026/06/13 12:38:44 [notice] 30#30: exiting
2026/06/13 12:38:44 [notice] 23#23: exit
2026/06/13 12:38:44 [notice] 28#28: exiting
2026/06/13 12:38:44 [notice] 32#32: exiting
2026/06/13 12:38:44 [notice] 33#33: exiting
2026/06/13 12:38:44 [notice] 26#26: exit
2026/06/13 12:38:44 [notice] 29#29: exit
2026/06/13 12:38:44 [notice] 24#24: exit
2026/06/13 12:38:44 [notice] 35#35: exiting
2026/06/13 12:38:44 [notice] 27#27: exit
2026/06/13 12:38:44 [notice] 31#31: exit
2026/06/13 12:38:44 [notice] 22#22: exit
2026/06/13 12:38:44 [notice] 30#30: exit
2026/06/13 12:38:44 [notice] 33#33: exit
2026/06/13 12:38:44 [notice] 32#32: exit
2026/06/13 12:38:44 [notice] 28#28: exit
2026/06/13 12:38:44 [notice] 35#35: exit
2026/06/13 12:38:44 [notice] 34#34: gracefully shutting down
2026/06/13 12:38:44 [notice] 36#36: gracefully shutting down
2026/06/13 12:38:44 [notice] 34#34: exiting
2026/06/13 12:38:44 [notice] 36#36: exiting
2026/06/13 12:38:44 [notice] 34#34: exit
2026/06/13 12:38:44 [notice] 36#36: exit
2026/06/13 12:38:44 [notice] 1#1: signal 17 (SIGCHLD) received from 31
2026/06/13 12:38:44 [notice] 1#1: worker process 27 exited with code 0
2026/06/13 12:38:44 [notice] 1#1: worker process 31 exited with code 0
2026/06/13 12:38:44 [notice] 1#1: signal 29 (SIGIO) received
2026/06/13 12:38:44 [notice] 1#1: signal 17 (SIGCHLD) received from 25
2026/06/13 12:38:44 [notice] 1#1: worker process 25 exited with code 0
2026/06/13 12:38:44 [notice] 1#1: signal 29 (SIGIO) received
2026/06/13 12:38:44 [notice] 1#1: signal 17 (SIGCHLD) received from 29
2026/06/13 12:38:44 [notice] 1#1: worker process 29 exited with code 0
2026/06/13 12:38:44 [notice] 1#1: signal 29 (SIGIO) received
2026/06/13 12:38:44 [notice] 1#1: signal 17 (SIGCHLD) received from 21
2026/06/13 12:38:44 [notice] 1#1: worker process 21 exited with code 0
2026/06/13 12:38:44 [notice] 1#1: signal 29 (SIGIO) received
2026/06/13 12:38:44 [notice] 1#1: signal 17 (SIGCHLD) received from 23
2026/06/13 12:38:44 [notice] 1#1: worker process 23 exited with code 0
2026/06/13 12:38:44 [notice] 1#1: worker process 33 exited with code 0
2026/06/13 12:38:44 [notice] 1#1: signal 29 (SIGIO) received
2026/06/13 12:38:44 [notice] 1#1: signal 17 (SIGCHLD) received from 30
2026/06/13 12:38:44 [notice] 1#1: worker process 24 exited with code 0
2026/06/13 12:38:44 [notice] 1#1: worker process 26 exited with code 0
2026/06/13 12:38:44 [notice] 1#1: worker process 28 exited with code 0
2026/06/13 12:38:44 [notice] 1#1: worker process 30 exited with code 0
2026/06/13 12:38:44 [notice] 1#1: worker process 34 exited with code 0
2026/06/13 12:38:44 [notice] 1#1: worker process 35 exited with code 0
2026/06/13 12:38:44 [notice] 1#1: signal 29 (SIGIO) received
2026/06/13 12:38:44 [notice] 1#1: signal 17 (SIGCHLD) received from 24
2026/06/13 12:38:44 [notice] 1#1: signal 17 (SIGCHLD) received from 22
2026/06/13 12:38:44 [notice] 1#1: worker process 22 exited with code 0
2026/06/13 12:38:44 [notice] 1#1: worker process 36 exited with code 0
2026/06/13 12:38:44 [notice] 1#1: signal 29 (SIGIO) received
2026/06/13 12:38:44 [notice] 1#1: signal 17 (SIGCHLD) received from 32
2026/06/13 12:38:44 [notice] 1#1: worker process 32 exited with code 0
2026/06/13 12:38:44 [notice] 1#1: exit
2026/06/13 12:38:45 [notice] 1#1: using the "epoll" event method
2026/06/13 12:38:45 [notice] 1#1: nginx/1.31.1
2026/06/13 12:38:45 [notice] 1#1: built by gcc 14.2.0 (Debian 14.2.0-19) 
2026/06/13 12:38:45 [notice] 1#1: OS: Linux 7.0.5-arch1-1
2026/06/13 12:38:45 [notice] 1#1: getrlimit(RLIMIT_NOFILE): 1024:524288
2026/06/13 12:38:45 [notice] 1#1: start worker processes
2026/06/13 12:38:45 [notice] 1#1: start worker process 21
2026/06/13 12:38:45 [notice] 1#1: start worker process 22
2026/06/13 12:38:45 [notice] 1#1: start worker process 23
2026/06/13 12:38:45 [notice] 1#1: start worker process 24
2026/06/13 12:38:45 [notice] 1#1: start worker process 25
2026/06/13 12:38:45 [notice] 1#1: start worker process 26
2026/06/13 12:38:45 [notice] 1#1: start worker process 27
2026/06/13 12:38:45 [notice] 1#1: start worker process 28
2026/06/13 12:38:45 [notice] 1#1: start worker process 29
2026/06/13 12:38:45 [notice] 1#1: start worker process 30
2026/06/13 12:38:45 [notice] 1#1: start worker process 31
2026/06/13 12:38:45 [notice] 1#1: start worker process 32
2026/06/13 12:38:45 [notice] 1#1: start worker process 33
2026/06/13 12:38:45 [notice] 1#1: start worker process 34
2026/06/13 12:38:45 [notice] 1#1: start worker process 35
2026/06/13 12:38:45 [notice] 1#1: start worker process 36
2026/06/13 12:39:07 [error] 21#21: *1 connect() failed (111: Connection refused) while connecting to upstream, client: 172.23.0.1, server: localhost, request: "GET /health HTTP/1.1", upstream: "http://172.23.0.2:5000/health", host: "localhost"
2026/06/13 12:39:19 [notice] 1#1: signal 3 (SIGQUIT) received, shutting down
2026/06/13 12:39:19 [notice] 21#21: gracefully shutting down
2026/06/13 12:39:19 [notice] 24#24: gracefully shutting down
2026/06/13 12:39:19 [notice] 22#22: gracefully shutting down
2026/06/13 12:39:19 [notice] 23#23: gracefully shutting down
2026/06/13 12:39:19 [notice] 26#26: gracefully shutting down
2026/06/13 12:39:19 [notice] 27#27: gracefully shutting down
2026/06/13 12:39:19 [notice] 28#28: gracefully shutting down
2026/06/13 12:39:19 [notice] 21#21: exiting
2026/06/13 12:39:19 [notice] 24#24: exiting
2026/06/13 12:39:19 [notice] 25#25: gracefully shutting down
2026/06/13 12:39:19 [notice] 22#22: exiting
2026/06/13 12:39:19 [notice] 29#29: gracefully shutting down
2026/06/13 12:39:19 [notice] 23#23: exiting
2026/06/13 12:39:19 [notice] 30#30: gracefully shutting down
2026/06/13 12:39:19 [notice] 26#26: exiting
2026/06/13 12:39:19 [notice] 32#32: gracefully shutting down
2026/06/13 12:39:19 [notice] 27#27: exiting
2026/06/13 12:39:19 [notice] 28#28: exiting
2026/06/13 12:39:19 [notice] 31#31: gracefully shutting down
2026/06/13 12:39:19 [notice] 33#33: gracefully shutting down
2026/06/13 12:39:19 [notice] 25#25: exiting
2026/06/13 12:39:19 [notice] 24#24: exit
2026/06/13 12:39:19 [notice] 34#34: gracefully shutting down
2026/06/13 12:39:19 [notice] 29#29: exiting
2026/06/13 12:39:19 [notice] 21#21: exit
2026/06/13 12:39:19 [notice] 30#30: exiting
2026/06/13 12:39:19 [notice] 32#32: exiting
2026/06/13 12:39:19 [notice] 26#26: exit
2026/06/13 12:39:19 [notice] 22#22: exit
2026/06/13 12:39:19 [notice] 27#27: exit
2026/06/13 12:39:19 [notice] 31#31: exiting
2026/06/13 12:39:19 [notice] 23#23: exit
2026/06/13 12:39:19 [notice] 28#28: exit
2026/06/13 12:39:19 [notice] 33#33: exiting
2026/06/13 12:39:19 [notice] 34#34: exiting
2026/06/13 12:39:19 [notice] 25#25: exit
2026/06/13 12:39:19 [notice] 29#29: exit
2026/06/13 12:39:19 [notice] 32#32: exit
2026/06/13 12:39:19 [notice] 30#30: exit
2026/06/13 12:39:19 [notice] 31#31: exit
2026/06/13 12:39:19 [notice] 33#33: exit
2026/06/13 12:39:19 [notice] 34#34: exit
2026/06/13 12:39:19 [notice] 36#36: gracefully shutting down
2026/06/13 12:39:19 [notice] 36#36: exiting
2026/06/13 12:39:19 [notice] 36#36: exit
2026/06/13 12:39:19 [notice] 35#35: gracefully shutting down
2026/06/13 12:39:19 [notice] 35#35: exiting
2026/06/13 12:39:19 [notice] 35#35: exit
2026/06/13 12:39:19 [notice] 1#1: signal 17 (SIGCHLD) received from 36
2026/06/13 12:39:19 [notice] 1#1: worker process 36 exited with code 0
2026/06/13 12:39:19 [notice] 1#1: signal 29 (SIGIO) received
2026/06/13 12:39:19 [notice] 1#1: signal 17 (SIGCHLD) received from 33
2026/06/13 12:39:19 [notice] 1#1: worker process 33 exited with code 0
2026/06/13 12:39:19 [notice] 1#1: worker process 29 exited with code 0
2026/06/13 12:39:19 [notice] 1#1: signal 29 (SIGIO) received
2026/06/13 12:39:19 [notice] 1#1: signal 17 (SIGCHLD) received from 29
2026/06/13 12:39:19 [notice] 1#1: worker process 22 exited with code 0
2026/06/13 12:39:19 [notice] 1#1: worker process 25 exited with code 0
2026/06/13 12:39:19 [notice] 1#1: worker process 30 exited with code 0
2026/06/13 12:39:19 [notice] 1#1: worker process 31 exited with code 0
2026/06/13 12:39:19 [notice] 1#1: signal 29 (SIGIO) received
2026/06/13 12:39:19 [notice] 1#1: signal 17 (SIGCHLD) received from 25
2026/06/13 12:39:19 [notice] 1#1: signal 17 (SIGCHLD) received from 27
2026/06/13 12:39:19 [notice] 1#1: worker process 27 exited with code 0
2026/06/13 12:39:19 [notice] 1#1: signal 29 (SIGIO) received
2026/06/13 12:39:19 [notice] 1#1: signal 17 (SIGCHLD) received from 21
2026/06/13 12:39:19 [notice] 1#1: worker process 21 exited with code 0
2026/06/13 12:39:19 [notice] 1#1: signal 29 (SIGIO) received
2026/06/13 12:39:19 [notice] 1#1: signal 17 (SIGCHLD) received from 32
2026/06/13 12:39:19 [notice] 1#1: worker process 32 exited with code 0
2026/06/13 12:39:19 [notice] 1#1: signal 29 (SIGIO) received
2026/06/13 12:39:19 [notice] 1#1: signal 17 (SIGCHLD) received from 24
2026/06/13 12:39:19 [notice] 1#1: worker process 24 exited with code 0
2026/06/13 12:39:19 [notice] 1#1: worker process 28 exited with code 0
2026/06/13 12:39:19 [notice] 1#1: signal 29 (SIGIO) received
2026/06/13 12:39:19 [notice] 1#1: signal 17 (SIGCHLD) received from 34
2026/06/13 12:39:19 [notice] 1#1: worker process 34 exited with code 0
2026/06/13 12:39:19 [notice] 1#1: signal 29 (SIGIO) received
2026/06/13 12:39:19 [notice] 1#1: signal 17 (SIGCHLD) received from 26
2026/06/13 12:39:19 [notice] 1#1: worker process 26 exited with code 0
2026/06/13 12:39:19 [notice] 1#1: worker process 35 exited with code 0
2026/06/13 12:39:19 [notice] 1#1: signal 29 (SIGIO) received
2026/06/13 12:39:19 [notice] 1#1: signal 17 (SIGCHLD) received from 35
2026/06/13 12:39:19 [notice] 1#1: signal 17 (SIGCHLD) received from 23
2026/06/13 12:39:19 [notice] 1#1: worker process 23 exited with code 0
2026/06/13 12:39:19 [notice] 1#1: exit
2026/06/13 12:39:31 [notice] 1#1: using the "epoll" event method
2026/06/13 12:39:31 [notice] 1#1: nginx/1.31.1
2026/06/13 12:39:31 [notice] 1#1: built by gcc 14.2.0 (Debian 14.2.0-19) 
2026/06/13 12:39:31 [notice] 1#1: OS: Linux 7.0.5-arch1-1
2026/06/13 12:39:31 [notice] 1#1: getrlimit(RLIMIT_NOFILE): 1024:524288
2026/06/13 12:39:31 [notice] 1#1: start worker processes
2026/06/13 12:39:31 [notice] 1#1: start worker process 21
2026/06/13 12:39:31 [notice] 1#1: start worker process 22
2026/06/13 12:39:31 [notice] 1#1: start worker process 23
2026/06/13 12:39:31 [notice] 1#1: start worker process 24
2026/06/13 12:39:31 [notice] 1#1: start worker process 25
2026/06/13 12:39:31 [notice] 1#1: start worker process 26
2026/06/13 12:39:31 [notice] 1#1: start worker process 27
2026/06/13 12:39:31 [notice] 1#1: start worker process 28
2026/06/13 12:39:31 [notice] 1#1: start worker process 29
2026/06/13 12:39:31 [notice] 1#1: start worker process 30
2026/06/13 12:39:31 [notice] 1#1: start worker process 31
2026/06/13 12:39:31 [notice] 1#1: start worker process 32
2026/06/13 12:39:31 [notice] 1#1: start worker process 33
2026/06/13 12:39:31 [notice] 1#1: start worker process 34
2026/06/13 12:39:31 [notice] 1#1: start worker process 35
2026/06/13 12:39:31 [notice] 1#1: start worker process 36
2026/06/13 12:40:11 [error] 21#21: *1 connect() failed (111: Connection refused) while connecting to upstream, client: 172.23.0.1, server: localhost, request: "GET /health HTTP/1.1", upstream: "http://172.23.0.2:5000/health", host: "localhost"
